<?xml version="1.0" encoding="UTF-8"?>
<testng-results skipped="0" failed="2" ignored="0" total="4" passed="2">
  <reporter-output>
  </reporter-output>
  <suite name="Thread local test sanity suite" duration-ms="54057" started-at="2020-04-21T00:04:51 IST" finished-at="2020-04-21T00:05:45 IST">
    <groups>
    </groups>
    <test name="Google Test" duration-ms="54057" started-at="2020-04-21T00:04:51 IST" finished-at="2020-04-21T00:05:45 IST">
      <class name="com.mytests.GoogleTest">
        <test-method status="PASS" signature="setUp(java.lang.String)[pri:0, instance:com.mytests.GoogleTest@3fd7a715]" name="setUp" is-config="true" duration-ms="19929" started-at="2020-04-21T00:04:51 IST" finished-at="2020-04-21T00:05:11 IST">
          <params>
            <param index="0">
              <value>
                <![CDATA[chrome]]>
              </value>
            </param>
          </params>
          <reporter-output>
          </reporter-output>
        </test-method> <!-- setUp -->
        <test-method status="PASS" signature="setUp(java.lang.String)[pri:0, instance:com.mytests.GoogleTest@3fd7a715]" name="setUp" is-config="true" duration-ms="25178" started-at="2020-04-21T00:04:51 IST" finished-at="2020-04-21T00:05:16 IST">
          <params>
            <param index="0">
              <value>
                <![CDATA[chrome]]>
              </value>
            </param>
          </params>
          <reporter-output>
          </reporter-output>
        </test-method> <!-- setUp -->
        <test-method status="PASS" signature="setUp(java.lang.String)[pri:0, instance:com.mytests.GoogleTest@3fd7a715]" name="setUp" is-config="true" duration-ms="11194" started-at="2020-04-21T00:04:51 IST" finished-at="2020-04-21T00:05:03 IST">
          <params>
            <param index="0">
              <value>
                <![CDATA[chrome]]>
              </value>
            </param>
          </params>
          <reporter-output>
          </reporter-output>
        </test-method> <!-- setUp -->
        <test-method status="PASS" signature="setUp(java.lang.String)[pri:0, instance:com.mytests.GoogleTest@3fd7a715]" name="setUp" is-config="true" duration-ms="52082" started-at="2020-04-21T00:04:51 IST" finished-at="2020-04-21T00:05:43 IST">
          <params>
            <param index="0">
              <value>
                <![CDATA[chrome]]>
              </value>
            </param>
          </params>
          <reporter-output>
          </reporter-output>
        </test-method> <!-- setUp -->
        <test-method status="PASS" signature="googleTitleTest_2()[pri:0, instance:com.mytests.GoogleTest@3fd7a715]" name="googleTitleTest_2" duration-ms="40967" started-at="2020-04-21T00:05:03 IST" finished-at="2020-04-21T00:05:43 IST">
          <reporter-output>
          </reporter-output>
        </test-method> <!-- googleTitleTest_2 -->
        <test-method status="FAIL" signature="googleTitleTest_4()[pri:0, instance:com.mytests.GoogleTest@3fd7a715]" name="googleTitleTest_4" duration-ms="10599" started-at="2020-04-21T00:05:11 IST" finished-at="2020-04-21T00:05:22 IST">
          <exception class="java.lang.AssertionError">
            <message>
              <![CDATA[expected [Google] but found []]]>
            </message>
            <full-stacktrace>
              <![CDATA[java.lang.AssertionError: expected [Google] but found []
at org.testng.Assert.fail(Assert.java:97)
at org.testng.Assert.assertEqualsImpl(Assert.java:136)
at org.testng.Assert.assertEquals(Assert.java:118)
at org.testng.Assert.assertEquals(Assert.java:575)
at org.testng.Assert.assertEquals(Assert.java:585)
at com.mytests.GoogleTest.googleTitleTest_4(GoogleTest.java:53)
at sun.reflect.NativeMethodAccessorImpl.invoke0(Native Method)
at sun.reflect.NativeMethodAccessorImpl.invoke(Unknown Source)
at sun.reflect.DelegatingMethodAccessorImpl.invoke(Unknown Source)
at java.lang.reflect.Method.invoke(Unknown Source)
at org.testng.internal.MethodInvocationHelper.invokeMethod(MethodInvocationHelper.java:134)
at org.testng.internal.TestInvoker.invokeMethod(TestInvoker.java:597)
at org.testng.internal.TestInvoker.invokeTestMethod(TestInvoker.java:173)
at org.testng.internal.MethodRunner.runInSequence(MethodRunner.java:46)
at org.testng.internal.TestInvoker$MethodInvocationAgent.invoke(TestInvoker.java:816)
at org.testng.internal.TestInvoker.invokeTestMethods(TestInvoker.java:146)
at org.testng.internal.TestMethodWorker.invokeTestMethods(TestMethodWorker.java:146)
at org.testng.internal.TestMethodWorker.run(TestMethodWorker.java:128)
at java.util.concurrent.ThreadPoolExecutor.runWorker(Unknown Source)
at java.util.concurrent.ThreadPoolExecutor$Worker.run(Unknown Source)
at java.lang.Thread.run(Unknown Source)
]]>
            </full-stacktrace>
          </exception> <!-- java.lang.AssertionError -->
          <reporter-output>
          </reporter-output>
        </test-method> <!-- googleTitleTest_4 -->
        <test-method status="PASS" signature="googleTitleTest_1()[pri:0, instance:com.mytests.GoogleTest@3fd7a715]" name="googleTitleTest_1" duration-ms="28125" started-at="2020-04-21T00:05:16 IST" finished-at="2020-04-21T00:05:45 IST">
          <reporter-output>
          </reporter-output>
        </test-method> <!-- googleTitleTest_1 -->
        <test-method status="PASS" signature="tearDown()[pri:0, instance:com.mytests.GoogleTest@3fd7a715]" name="tearDown" is-config="true" duration-ms="22441" started-at="2020-04-21T00:05:22 IST" finished-at="2020-04-21T00:05:44 IST">
          <reporter-output>
          </reporter-output>
        </test-method> <!-- tearDown -->
        <test-method status="FAIL" signature="googleTitleTest_3()[pri:0, instance:com.mytests.GoogleTest@3fd7a715]" name="googleTitleTest_3" duration-ms="74" started-at="2020-04-21T00:05:43 IST" finished-at="2020-04-21T00:05:43 IST">
          <exception class="java.lang.AssertionError">
            <message>
              <![CDATA[expected [Google] but found []]]>
            </message>
            <full-stacktrace>
              <![CDATA[java.lang.AssertionError: expected [Google] but found []
at org.testng.Assert.fail(Assert.java:97)
at org.testng.Assert.assertEqualsImpl(Assert.java:136)
at org.testng.Assert.assertEquals(Assert.java:118)
at org.testng.Assert.assertEquals(Assert.java:575)
at org.testng.Assert.assertEquals(Assert.java:585)
at com.mytests.GoogleTest.googleTitleTest_3(GoogleTest.java:43)
at sun.reflect.NativeMethodAccessorImpl.invoke0(Native Method)
at sun.reflect.NativeMethodAccessorImpl.invoke(Unknown Source)
at sun.reflect.DelegatingMethodAccessorImpl.invoke(Unknown Source)
at java.lang.reflect.Method.invoke(Unknown Source)
at org.testng.internal.MethodInvocationHelper.invokeMethod(MethodInvocationHelper.java:134)
at org.testng.internal.TestInvoker.invokeMethod(TestInvoker.java:597)
at org.testng.internal.TestInvoker.invokeTestMethod(TestInvoker.java:173)
at org.testng.internal.MethodRunner.runInSequence(MethodRunner.java:46)
at org.testng.internal.TestInvoker$MethodInvocationAgent.invoke(TestInvoker.java:816)
at org.testng.internal.TestInvoker.invokeTestMethods(TestInvoker.java:146)
at org.testng.internal.TestMethodWorker.invokeTestMethods(TestMethodWorker.java:146)
at org.testng.internal.TestMethodWorker.run(TestMethodWorker.java:128)
at java.util.concurrent.ThreadPoolExecutor.runWorker(Unknown Source)
at java.util.concurrent.ThreadPoolExecutor$Worker.run(Unknown Source)
at java.lang.Thread.run(Unknown Source)
]]>
            </full-stacktrace>
          </exception> <!-- java.lang.AssertionError -->
          <reporter-output>
          </reporter-output>
        </test-method> <!-- googleTitleTest_3 -->
        <test-method status="PASS" signature="tearDown()[pri:0, instance:com.mytests.GoogleTest@3fd7a715]" name="tearDown" is-config="true" duration-ms="852" started-at="2020-04-21T00:05:43 IST" finished-at="2020-04-21T00:05:44 IST">
          <reporter-output>
          </reporter-output>
        </test-method> <!-- tearDown -->
        <test-method status="PASS" signature="tearDown()[pri:0, instance:com.mytests.GoogleTest@3fd7a715]" name="tearDown" is-config="true" duration-ms="913" started-at="2020-04-21T00:05:43 IST" finished-at="2020-04-21T00:05:44 IST">
          <reporter-output>
          </reporter-output>
        </test-method> <!-- tearDown -->
        <test-method status="PASS" signature="tearDown()[pri:0, instance:com.mytests.GoogleTest@3fd7a715]" name="tearDown" is-config="true" duration-ms="721" started-at="2020-04-21T00:05:45 IST" finished-at="2020-04-21T00:05:45 IST">
          <reporter-output>
          </reporter-output>
        </test-method> <!-- tearDown -->
      </class> <!-- com.mytests.GoogleTest -->
    </test> <!-- Google Test -->
  </suite> <!-- Thread local test sanity suite -->
</testng-results>
